# JRE version: OpenJDK Runtime Environment (8.0_242-b01) (build 1.8.0_242-release-1644-b01)
# Java VM: OpenJDK 64-Bit Server VM (25.242-b01 mixed mode windows-amd64 compressed oops)
Heap:
 PSYoungGen      total 205312K, used 186280K [0x00000000d5580000, 0x00000000e2c80000, 0x0000000100000000)
  eden space 194560K, 95% used [0x00000000d5580000,0x00000000e0b6a278,0x00000000e1380000)
  from space 10752K, 0% used [0x00000000e2200000,0x00000000e2200000,0x00000000e2c80000)
  to   space 12800K, 0% used [0x00000000e1380000,0x00000000e1380000,0x00000000e2000000)
 ParOldGen       total 45056K, used 14535K [0x0000000080000000, 0x0000000082c00000, 0x00000000d5580000)
  object space 45056K, 32% used [0x0000000080000000,0x0000000080e31c90,0x0000000082c00000)
 Metaspace       used 44160K, capacity 45930K, committed 46120K, reserved 1089536K
  class space    used 5971K, capacity 6337K, committed 6448K, reserved 1048576K
GC Heap History (10 events):
Event: 22.424 GC heap before
{Heap before GC invocations=8 (full 0):
 PSYoungGen      total 71680K, used 12839K [0x00000000d5580000, 0x00000000de680000, 0x0000000100000000)
  eden space 64512K, 8% used [0x00000000d5580000,0x00000000d5b0ee08,0x00000000d9480000)
  from space 7168K, 99% used [0x00000000d9480000,0x00000000d9b7b150,0x00000000d9b80000)
  to   space 9728K, 0% used [0x00000000ddd00000,0x00000000ddd00000,0x00000000de680000)
 ParOldGen       total 44032K, used 7979K [0x0000000080000000, 0x0000000082b00000, 0x00000000d5580000)
  object space 44032K, 18% used [0x0000000080000000,0x00000000807cacd0,0x0000000082b00000)
 Metaspace       used 20614K, capacity 21224K, committed 21296K, reserved 1067008K
  class space    used 2872K, capacity 3076K, committed 3120K, reserved 1048576K
Event: 22.451 GC heap after
Heap after GC invocations=8 (full 0):
 PSYoungGen      total 137728K, used 3792K [0x00000000d5580000, 0x00000000de580000, 0x0000000100000000)
  eden space 129024K, 0% used [0x00000000d5580000,0x00000000d5580000,0x00000000dd380000)
  from space 8704K, 43% used [0x00000000ddd00000,0x00000000de0b4040,0x00000000de580000)
  to   space 9216K, 0% used [0x00000000dd380000,0x00000000dd380000,0x00000000ddc80000)
 ParOldGen       total 44032K, used 8571K [0x0000000080000000, 0x0000000082b00000, 0x00000000d5580000)
  object space 44032K, 19% used [0x0000000080000000,0x000000008085ecd0,0x0000000082b00000)
 Metaspace       used 20614K, capacity 21224K, committed 21296K, reserved 1067008K
  class space    used 2872K, capacity 3076K, committed 3120K, reserved 1048576K
}
Event: 22.451 GC heap before
{Heap before GC invocations=9 (full 1):
 PSYoungGen      total 137728K, used 3792K [0x00000000d5580000, 0x00000000de580000, 0x0000000100000000)
  eden space 129024K, 0% used [0x00000000d5580000,0x00000000d5580000,0x00000000dd380000)
  from space 8704K, 43% used [0x00000000ddd00000,0x00000000de0b4040,0x00000000de580000)
  to   space 9216K, 0% used [0x00000000dd380000,0x00000000dd380000,0x00000000ddc80000)
 ParOldGen       total 44032K, used 8571K [0x0000000080000000, 0x0000000082b00000, 0x00000000d5580000)
  object space 44032K, 19% used [0x0000000080000000,0x000000008085ecd0,0x0000000082b00000)
 Metaspace       used 20614K, capacity 21224K, committed 21296K, reserved 1067008K
  class space    used 2872K, capacity 3076K, committed 3120K, reserved 1048576K
Event: 22.672 GC heap after
Heap after GC invocations=9 (full 1):
 PSYoungGen      total 137728K, used 0K [0x00000000d5580000, 0x00000000de580000, 0x0000000100000000)
  eden space 129024K, 0% used [0x00000000d5580000,0x00000000d5580000,0x00000000dd380000)
  from space 8704K, 0% used [0x00000000ddd00000,0x00000000ddd00000,0x00000000de580000)
  to   space 9216K, 0% used [0x00000000dd380000,0x00000000dd380000,0x00000000ddc80000)
 ParOldGen       total 31232K, used 8786K [0x0000000080000000, 0x0000000081e80000, 0x00000000d5580000)
  object space 31232K, 28% used [0x0000000080000000,0x00000000808948b0,0x0000000081e80000)
 Metaspace       used 20614K, capacity 21224K, committed 21296K, reserved 1067008K
  class space    used 2872K, capacity 3076K, committed 3120K, reserved 1048576K
}
Event: 36.193 GC heap before
{Heap before GC invocations=10 (full 1):
 PSYoungGen      total 137728K, used 129024K [0x00000000d5580000, 0x00000000de580000, 0x0000000100000000)
  eden space 129024K, 100% used [0x00000000d5580000,0x00000000dd380000,0x00000000dd380000)
  from space 8704K, 0% used [0x00000000ddd00000,0x00000000ddd00000,0x00000000de580000)
  to   space 9216K, 0% used [0x00000000dd380000,0x00000000dd380000,0x00000000ddc80000)
 ParOldGen       total 31232K, used 8786K [0x0000000080000000, 0x0000000081e80000, 0x00000000d5580000)
  object space 31232K, 28% used [0x0000000080000000,0x00000000808948b0,0x0000000081e80000)
 Metaspace       used 32732K, capacity 33828K, committed 33968K, reserved 1079296K
  class space    used 4457K, capacity 4718K, committed 4784K, reserved 1048576K
Event: 37.243 GC heap after
Heap after GC invocations=10 (full 1):
 PSYoungGen      total 138240K, used 9211K [0x00000000d5580000, 0x00000000e2e80000, 0x0000000100000000)
  eden space 129024K, 0% used [0x00000000d5580000,0x00000000d5580000,0x00000000dd380000)
  from space 9216K, 99% used [0x00000000dd380000,0x00000000ddc7ecb8,0x00000000ddc80000)
  to   space 12800K, 0% used [0x00000000e2200000,0x00000000e2200000,0x00000000e2e80000)
 ParOldGen       total 31232K, used 13419K [0x0000000080000000, 0x0000000081e80000, 0x00000000d5580000)
  object space 31232K, 42% used [0x0000000080000000,0x0000000080d1af78,0x0000000081e80000)
 Metaspace       used 32732K, capacity 33828K, committed 33968K, reserved 1079296K
  class space    used 4457K, capacity 4718K, committed 4784K, reserved 1048576K
}
Event: 44.027 GC heap before
{Heap before GC invocations=11 (full 1):
 PSYoungGen      total 138240K, used 42986K [0x00000000d5580000, 0x00000000e2e80000, 0x0000000100000000)
  eden space 129024K, 26% used [0x00000000d5580000,0x00000000d767bef8,0x00000000dd380000)
  from space 9216K, 99% used [0x00000000dd380000,0x00000000ddc7ecb8,0x00000000ddc80000)
  to   space 12800K, 0% used [0x00000000e2200000,0x00000000e2200000,0x00000000e2e80000)
 ParOldGen       total 31232K, used 13419K [0x0000000080000000, 0x0000000081e80000, 0x00000000d5580000)
  object space 31232K, 42% used [0x0000000080000000,0x0000000080d1af78,0x0000000081e80000)
 Metaspace       used 34302K, capacity 35412K, committed 35496K, reserved 1079296K
  class space    used 4719K, capacity 5001K, committed 5040K, reserved 1048576K
Event: 44.172 GC heap after
Heap after GC invocations=11 (full 1):
 PSYoungGen      total 205312K, used 8124K [0x00000000d5580000, 0x00000000e2c80000, 0x0000000100000000)
  eden space 194560K, 0% used [0x00000000d5580000,0x00000000d5580000,0x00000000e1380000)
  from space 10752K, 75% used [0x00000000e2200000,0x00000000e29ef210,0x00000000e2c80000)
  to   space 12800K, 0% used [0x00000000e1380000,0x00000000e1380000,0x00000000e2000000)
 ParOldGen       total 31232K, used 13427K [0x0000000080000000, 0x0000000081e80000, 0x00000000d5580000)
  object space 31232K, 42% used [0x0000000080000000,0x0000000080d1cf78,0x0000000081e80000)
 Metaspace       used 34302K, capacity 35412K, committed 35496K, reserved 1079296K
  class space    used 4719K, capacity 5001K, committed 5040K, reserved 1048576K
}
Event: 44.173 GC heap before
{Heap before GC invocations=12 (full 2):
 PSYoungGen      total 205312K, used 8124K [0x00000000d5580000, 0x00000000e2c80000, 0x0000000100000000)
  eden space 194560K, 0% used [0x00000000d5580000,0x00000000d5580000,0x00000000e1380000)
  from space 10752K, 75% used [0x00000000e2200000,0x00000000e29ef210,0x00000000e2c80000)
  to   space 12800K, 0% used [0x00000000e1380000,0x00000000e1380000,0x00000000e2000000)
 ParOldGen       total 31232K, used 13427K [0x0000000080000000, 0x0000000081e80000, 0x00000000d5580000)
  object space 31232K, 42% used [0x0000000080000000,0x0000000080d1cf78,0x0000000081e80000)
 Metaspace       used 34302K, capacity 35412K, committed 35496K, reserved 1079296K
  class space    used 4719K, capacity 5001K, committed 5040K, reserved 1048576K
Event: 45.096 GC heap after
Heap after GC invocations=12 (full 2):
 PSYoungGen      total 205312K, used 0K [0x00000000d5580000, 0x00000000e2c80000, 0x0000000100000000)
  eden space 194560K, 0% used [0x00000000d5580000,0x00000000d5580000,0x00000000e1380000)
  from space 10752K, 0% used [0x00000000e2200000,0x00000000e2200000,0x00000000e2c80000)
  to   space 12800K, 0% used [0x00000000e1380000,0x00000000e1380000,0x00000000e2000000)
 ParOldGen       total 45056K, used 14535K [0x0000000080000000, 0x0000000082c00000, 0x00000000d5580000)
  object space 45056K, 32% used [0x0000000080000000,0x0000000080e31c90,0x0000000082c00000)
 Metaspace       used 34302K, capacity 35412K, committed 35496K, reserved 1079296K
  class space    used 4719K, capacity 5001K, committed 5040K, reserved 1048576K
}

