# JRE version: OpenJDK Runtime Environment (8.0_242-b01) (build 1.8.0_242-release-1644-b01)
# Java VM: OpenJDK 64-Bit Server VM (25.242-b01 mixed mode windows-amd64 compressed oops)
Heap:
 PSYoungGen      total 202240K, used 16017K [0x00000000d5580000, 0x00000000e6d80000, 0x0000000100000000)
  eden space 189440K, 1% used [0x00000000d5580000,0x00000000d58a5f08,0x00000000e0e80000)
  from space 12800K, 99% used [0x00000000e0e80000,0x00000000e1afe730,0x00000000e1b00000)
  to   space 15872K, 0% used [0x00000000e5e00000,0x00000000e5e00000,0x00000000e6d80000)
 ParOldGen       total 47104K, used 16856K [0x0000000080000000, 0x0000000082e00000, 0x00000000d5580000)
  object space 47104K, 35% used [0x0000000080000000,0x00000000810761e8,0x0000000082e00000)
 Metaspace       used 45386K, capacity 47100K, committed 47272K, reserved 1089536K
  class space    used 6122K, capacity 6470K, committed 6576K, reserved 1048576K
GC Heap History (10 events):
Event: 11.456 GC heap before
{Heap before GC invocations=9 (full 1):
 PSYoungGen      total 137728K, used 3828K [0x00000000d5580000, 0x00000000de580000, 0x0000000100000000)
  eden space 129024K, 0% used [0x00000000d5580000,0x00000000d5580000,0x00000000dd380000)
  from space 8704K, 43% used [0x00000000ddd00000,0x00000000de0bd040,0x00000000de580000)
  to   space 9216K, 0% used [0x00000000dd380000,0x00000000dd380000,0x00000000ddc80000)
 ParOldGen       total 44032K, used 8496K [0x0000000080000000, 0x0000000082b00000, 0x00000000d5580000)
  object space 44032K, 19% used [0x0000000080000000,0x000000008084c230,0x0000000082b00000)
 Metaspace       used 20617K, capacity 21224K, committed 21296K, reserved 1067008K
  class space    used 2872K, capacity 3076K, committed 3120K, reserved 1048576K
Event: 11.544 GC heap after
Heap after GC invocations=9 (full 1):
 PSYoungGen      total 137728K, used 0K [0x00000000d5580000, 0x00000000de580000, 0x0000000100000000)
  eden space 129024K, 0% used [0x00000000d5580000,0x00000000d5580000,0x00000000dd380000)
  from space 8704K, 0% used [0x00000000ddd00000,0x00000000ddd00000,0x00000000de580000)
  to   space 9216K, 0% used [0x00000000dd380000,0x00000000dd380000,0x00000000ddc80000)
 ParOldGen       total 32768K, used 8811K [0x0000000080000000, 0x0000000082000000, 0x00000000d5580000)
  object space 32768K, 26% used [0x0000000080000000,0x000000008089ad08,0x0000000082000000)
 Metaspace       used 20617K, capacity 21224K, committed 21296K, reserved 1067008K
  class space    used 2872K, capacity 3076K, committed 3120K, reserved 1048576K
}
Event: 19.168 GC heap before
{Heap before GC invocations=10 (full 1):
 PSYoungGen      total 137728K, used 129024K [0x00000000d5580000, 0x00000000de580000, 0x0000000100000000)
  eden space 129024K, 100% used [0x00000000d5580000,0x00000000dd380000,0x00000000dd380000)
  from space 8704K, 0% used [0x00000000ddd00000,0x00000000ddd00000,0x00000000de580000)
  to   space 9216K, 0% used [0x00000000dd380000,0x00000000dd380000,0x00000000ddc80000)
 ParOldGen       total 32768K, used 8811K [0x0000000080000000, 0x0000000082000000, 0x00000000d5580000)
  object space 32768K, 26% used [0x0000000080000000,0x000000008089ad08,0x0000000082000000)
 Metaspace       used 32708K, capacity 33674K, committed 33968K, reserved 1079296K
  class space    used 4442K, capacity 4687K, committed 4784K, reserved 1048576K
Event: 19.297 GC heap after
Heap after GC invocations=10 (full 1):
 PSYoungGen      total 138240K, used 9195K [0x00000000d5580000, 0x00000000e2780000, 0x0000000100000000)
  eden space 129024K, 0% used [0x00000000d5580000,0x00000000d5580000,0x00000000dd380000)
  from space 9216K, 99% used [0x00000000dd380000,0x00000000ddc7acc8,0x00000000ddc80000)
  to   space 12800K, 0% used [0x00000000e1b00000,0x00000000e1b00000,0x00000000e2780000)
 ParOldGen       total 32768K, used 13476K [0x0000000080000000, 0x0000000082000000, 0x00000000d5580000)
  object space 32768K, 41% used [0x0000000080000000,0x0000000080d290d0,0x0000000082000000)
 Metaspace       used 32708K, capacity 33674K, committed 33968K, reserved 1079296K
  class space    used 4442K, capacity 4687K, committed 4784K, reserved 1048576K
}
Event: 22.983 GC heap before
{Heap before GC invocations=11 (full 1):
 PSYoungGen      total 138240K, used 42825K [0x00000000d5580000, 0x00000000e2780000, 0x0000000100000000)
  eden space 129024K, 26% used [0x00000000d5580000,0x00000000d76578f8,0x00000000dd380000)
  from space 9216K, 99% used [0x00000000dd380000,0x00000000ddc7acc8,0x00000000ddc80000)
  to   space 12800K, 0% used [0x00000000e1b00000,0x00000000e1b00000,0x00000000e2780000)
 ParOldGen       total 32768K, used 13476K [0x0000000080000000, 0x0000000082000000, 0x00000000d5580000)
  object space 32768K, 41% used [0x0000000080000000,0x0000000080d290d0,0x0000000082000000)
 Metaspace       used 34285K, capacity 35412K, committed 35496K, reserved 1079296K
  class space    used 4707K, capacity 5001K, committed 5040K, reserved 1048576K
Event: 23.137 GC heap after
Heap after GC invocations=11 (full 1):
 PSYoungGen      total 202240K, used 8156K [0x00000000d5580000, 0x00000000e2900000, 0x0000000100000000)
  eden space 189440K, 0% used [0x00000000d5580000,0x00000000d5580000,0x00000000e0e80000)
  from space 12800K, 63% used [0x00000000e1b00000,0x00000000e22f7210,0x00000000e2780000)
  to   space 12800K, 0% used [0x00000000e0e80000,0x00000000e0e80000,0x00000000e1b00000)
 ParOldGen       total 32768K, used 13476K [0x0000000080000000, 0x0000000082000000, 0x00000000d5580000)
  object space 32768K, 41% used [0x0000000080000000,0x0000000080d290d0,0x0000000082000000)
 Metaspace       used 34285K, capacity 35412K, committed 35496K, reserved 1079296K
  class space    used 4707K, capacity 5001K, committed 5040K, reserved 1048576K
}
Event: 23.137 GC heap before
{Heap before GC invocations=12 (full 2):
 PSYoungGen      total 202240K, used 8156K [0x00000000d5580000, 0x00000000e2900000, 0x0000000100000000)
  eden space 189440K, 0% used [0x00000000d5580000,0x00000000d5580000,0x00000000e0e80000)
  from space 12800K, 63% used [0x00000000e1b00000,0x00000000e22f7210,0x00000000e2780000)
  to   space 12800K, 0% used [0x00000000e0e80000,0x00000000e0e80000,0x00000000e1b00000)
 ParOldGen       total 32768K, used 13476K [0x0000000080000000, 0x0000000082000000, 0x00000000d5580000)
  object space 32768K, 41% used [0x0000000080000000,0x0000000080d290d0,0x0000000082000000)
 Metaspace       used 34285K, capacity 35412K, committed 35496K, reserved 1079296K
  class space    used 4707K, capacity 5001K, committed 5040K, reserved 1048576K
Event: 23.458 GC heap after
Heap after GC invocations=12 (full 2):
 PSYoungGen      total 202240K, used 0K [0x00000000d5580000, 0x00000000e2900000, 0x0000000100000000)
  eden space 189440K, 0% used [0x00000000d5580000,0x00000000d5580000,0x00000000e0e80000)
  from space 12800K, 0% used [0x00000000e1b00000,0x00000000e1b00000,0x00000000e2780000)
  to   space 12800K, 0% used [0x00000000e0e80000,0x00000000e0e80000,0x00000000e1b00000)
 ParOldGen       total 47104K, used 14547K [0x0000000080000000, 0x0000000082e00000, 0x00000000d5580000)
  object space 47104K, 30% used [0x0000000080000000,0x0000000080e34e18,0x0000000082e00000)
 Metaspace       used 34285K, capacity 35412K, committed 35496K, reserved 1079296K
  class space    used 4707K, capacity 5001K, committed 5040K, reserved 1048576K
}
Event: 30.541 GC heap before
{Heap before GC invocations=13 (full 2):
 PSYoungGen      total 202240K, used 189440K [0x00000000d5580000, 0x00000000e2900000, 0x0000000100000000)
  eden space 189440K, 100% used [0x00000000d5580000,0x00000000e0e80000,0x00000000e0e80000)
  from space 12800K, 0% used [0x00000000e1b00000,0x00000000e1b00000,0x00000000e2780000)
  to   space 12800K, 0% used [0x00000000e0e80000,0x00000000e0e80000,0x00000000e1b00000)
 ParOldGen       total 47104K, used 14547K [0x0000000080000000, 0x0000000082e00000, 0x00000000d5580000)
  object space 47104K, 30% used [0x0000000080000000,0x0000000080e34e18,0x0000000082e00000)
 Metaspace       used 45154K, capacity 46876K, committed 47144K, reserved 1089536K
  class space    used 6094K, capacity 6438K, committed 6448K, reserved 1048576K
Event: 30.581 GC heap after
Heap after GC invocations=13 (full 2):
 PSYoungGen      total 202240K, used 12793K [0x00000000d5580000, 0x00000000e6d80000, 0x0000000100000000)
  eden space 189440K, 0% used [0x00000000d5580000,0x00000000d5580000,0x00000000e0e80000)
  from space 12800K, 99% used [0x00000000e0e80000,0x00000000e1afe730,0x00000000e1b00000)
  to   space 15872K, 0% used [0x00000000e5e00000,0x00000000e5e00000,0x00000000e6d80000)
 ParOldGen       total 47104K, used 16856K [0x0000000080000000, 0x0000000082e00000, 0x00000000d5580000)
  object space 47104K, 35% used [0x0000000080000000,0x00000000810761e8,0x0000000082e00000)
 Metaspace       used 45154K, capacity 46876K, committed 47144K, reserved 1089536K
  class space    used 6094K, capacity 6438K, committed 6448K, reserved 1048576K
}

