# JRE version: OpenJDK Runtime Environment (8.0_242-b01) (build 1.8.0_242-release-1644-b01)
# Java VM: OpenJDK 64-Bit Server VM (25.242-b01 mixed mode windows-amd64 compressed oops)
Heap:
 PSYoungGen      total 200704K, used 140402K [0x00000000d5580000, 0x00000000e6c80000, 0x0000000100000000)
  eden space 187904K, 67% used [0x00000000d5580000,0x00000000dd223790,0x00000000e0d00000)
  from space 12800K, 99% used [0x00000000e0d00000,0x00000000e1979250,0x00000000e1980000)
  to   space 15360K, 0% used [0x00000000e5d80000,0x00000000e5d80000,0x00000000e6c80000)
 ParOldGen       total 47104K, used 16945K [0x0000000080000000, 0x0000000082e00000, 0x00000000d5580000)
  object space 47104K, 35% used [0x0000000080000000,0x000000008108c748,0x0000000082e00000)
 Metaspace       used 55416K, capacity 57602K, committed 57768K, reserved 1099776K
  class space    used 7532K, capacity 8006K, committed 8112K, reserved 1048576K
GC Heap History (10 events):
Event: 13.936 GC heap before
{Heap before GC invocations=9 (full 1):
 PSYoungGen      total 137728K, used 3732K [0x00000000d5580000, 0x00000000de580000, 0x0000000100000000)
  eden space 129024K, 0% used [0x00000000d5580000,0x00000000d5580000,0x00000000dd380000)
  from space 8704K, 42% used [0x00000000ddd00000,0x00000000de0a5040,0x00000000de580000)
  to   space 9216K, 0% used [0x00000000dd380000,0x00000000dd380000,0x00000000ddc80000)
 ParOldGen       total 44032K, used 8590K [0x0000000080000000, 0x0000000082b00000, 0x00000000d5580000)
  object space 44032K, 19% used [0x0000000080000000,0x0000000080863810,0x0000000082b00000)
 Metaspace       used 20629K, capacity 21224K, committed 21296K, reserved 1067008K
  class space    used 2873K, capacity 3076K, committed 3120K, reserved 1048576K
Event: 14.082 GC heap after
Heap after GC invocations=9 (full 1):
 PSYoungGen      total 137728K, used 0K [0x00000000d5580000, 0x00000000de580000, 0x0000000100000000)
  eden space 129024K, 0% used [0x00000000d5580000,0x00000000d5580000,0x00000000dd380000)
  from space 8704K, 0% used [0x00000000ddd00000,0x00000000ddd00000,0x00000000de580000)
  to   space 9216K, 0% used [0x00000000dd380000,0x00000000dd380000,0x00000000ddc80000)
 ParOldGen       total 30720K, used 7262K [0x0000000080000000, 0x0000000081e00000, 0x00000000d5580000)
  object space 30720K, 23% used [0x0000000080000000,0x0000000080717ac0,0x0000000081e00000)
 Metaspace       used 20629K, capacity 21224K, committed 21296K, reserved 1067008K
  class space    used 2873K, capacity 3076K, committed 3120K, reserved 1048576K
}
Event: 19.822 GC heap before
{Heap before GC invocations=10 (full 1):
 PSYoungGen      total 137728K, used 129024K [0x00000000d5580000, 0x00000000de580000, 0x0000000100000000)
  eden space 129024K, 100% used [0x00000000d5580000,0x00000000dd380000,0x00000000dd380000)
  from space 8704K, 0% used [0x00000000ddd00000,0x00000000ddd00000,0x00000000de580000)
  to   space 9216K, 0% used [0x00000000dd380000,0x00000000dd380000,0x00000000ddc80000)
 ParOldGen       total 30720K, used 7262K [0x0000000080000000, 0x0000000081e00000, 0x00000000d5580000)
  object space 30720K, 23% used [0x0000000080000000,0x0000000080717ac0,0x0000000081e00000)
 Metaspace       used 32706K, capacity 33700K, committed 33968K, reserved 1079296K
  class space    used 4451K, capacity 4718K, committed 4784K, reserved 1048576K
Event: 19.893 GC heap after
Heap after GC invocations=10 (full 1):
 PSYoungGen      total 138240K, used 9206K [0x00000000d5580000, 0x00000000e2680000, 0x0000000100000000)
  eden space 129024K, 0% used [0x00000000d5580000,0x00000000d5580000,0x00000000dd380000)
  from space 9216K, 99% used [0x00000000dd380000,0x00000000ddc7d8f0,0x00000000ddc80000)
  to   space 12800K, 0% used [0x00000000e1a00000,0x00000000e1a00000,0x00000000e2680000)
 ParOldGen       total 30720K, used 11894K [0x0000000080000000, 0x0000000081e00000, 0x00000000d5580000)
  object space 30720K, 38% used [0x0000000080000000,0x0000000080b9d980,0x0000000081e00000)
 Metaspace       used 32706K, capacity 33700K, committed 33968K, reserved 1079296K
  class space    used 4451K, capacity 4718K, committed 4784K, reserved 1048576K
}
Event: 22.020 GC heap before
{Heap before GC invocations=11 (full 1):
 PSYoungGen      total 138240K, used 43028K [0x00000000d5580000, 0x00000000e2680000, 0x0000000100000000)
  eden space 129024K, 26% used [0x00000000d5580000,0x00000000d76877b8,0x00000000dd380000)
  from space 9216K, 99% used [0x00000000dd380000,0x00000000ddc7d8f0,0x00000000ddc80000)
  to   space 12800K, 0% used [0x00000000e1a00000,0x00000000e1a00000,0x00000000e2680000)
 ParOldGen       total 30720K, used 11894K [0x0000000080000000, 0x0000000081e00000, 0x00000000d5580000)
  object space 30720K, 38% used [0x0000000080000000,0x0000000080b9d980,0x0000000081e00000)
 Metaspace       used 34279K, capacity 35412K, committed 35496K, reserved 1079296K
  class space    used 4713K, capacity 5001K, committed 5040K, reserved 1048576K
Event: 22.075 GC heap after
Heap after GC invocations=11 (full 1):
 PSYoungGen      total 200192K, used 8123K [0x00000000d5580000, 0x00000000e2600000, 0x0000000100000000)
  eden space 187904K, 0% used [0x00000000d5580000,0x00000000d5580000,0x00000000e0d00000)
  from space 12288K, 66% used [0x00000000e1a00000,0x00000000e21eef18,0x00000000e2600000)
  to   space 12800K, 0% used [0x00000000e0d00000,0x00000000e0d00000,0x00000000e1980000)
 ParOldGen       total 30720K, used 11902K [0x0000000080000000, 0x0000000081e00000, 0x00000000d5580000)
  object space 30720K, 38% used [0x0000000080000000,0x0000000080b9f980,0x0000000081e00000)
 Metaspace       used 34279K, capacity 35412K, committed 35496K, reserved 1079296K
  class space    used 4713K, capacity 5001K, committed 5040K, reserved 1048576K
}
Event: 22.075 GC heap before
{Heap before GC invocations=12 (full 2):
 PSYoungGen      total 200192K, used 8123K [0x00000000d5580000, 0x00000000e2600000, 0x0000000100000000)
  eden space 187904K, 0% used [0x00000000d5580000,0x00000000d5580000,0x00000000e0d00000)
  from space 12288K, 66% used [0x00000000e1a00000,0x00000000e21eef18,0x00000000e2600000)
  to   space 12800K, 0% used [0x00000000e0d00000,0x00000000e0d00000,0x00000000e1980000)
 ParOldGen       total 30720K, used 11902K [0x0000000080000000, 0x0000000081e00000, 0x00000000d5580000)
  object space 30720K, 38% used [0x0000000080000000,0x0000000080b9f980,0x0000000081e00000)
 Metaspace       used 34279K, capacity 35412K, committed 35496K, reserved 1079296K
  class space    used 4713K, capacity 5001K, committed 5040K, reserved 1048576K
Event: 22.268 GC heap after
Heap after GC invocations=12 (full 2):
 PSYoungGen      total 200192K, used 0K [0x00000000d5580000, 0x00000000e2600000, 0x0000000100000000)
  eden space 187904K, 0% used [0x00000000d5580000,0x00000000d5580000,0x00000000e0d00000)
  from space 12288K, 0% used [0x00000000e1a00000,0x00000000e1a00000,0x00000000e2600000)
  to   space 12800K, 0% used [0x00000000e0d00000,0x00000000e0d00000,0x00000000e1980000)
 ParOldGen       total 47104K, used 14952K [0x0000000080000000, 0x0000000082e00000, 0x00000000d5580000)
  object space 47104K, 31% used [0x0000000080000000,0x0000000080e9a270,0x0000000082e00000)
 Metaspace       used 34279K, capacity 35412K, committed 35496K, reserved 1079296K
  class space    used 4713K, capacity 5001K, committed 5040K, reserved 1048576K
}
Event: 31.371 GC heap before
{Heap before GC invocations=13 (full 2):
 PSYoungGen      total 200192K, used 187904K [0x00000000d5580000, 0x00000000e2600000, 0x0000000100000000)
  eden space 187904K, 100% used [0x00000000d5580000,0x00000000e0d00000,0x00000000e0d00000)
  from space 12288K, 0% used [0x00000000e1a00000,0x00000000e1a00000,0x00000000e2600000)
  to   space 12800K, 0% used [0x00000000e0d00000,0x00000000e0d00000,0x00000000e1980000)
 ParOldGen       total 47104K, used 14952K [0x0000000080000000, 0x0000000082e00000, 0x00000000d5580000)
  object space 47104K, 31% used [0x0000000080000000,0x0000000080e9a270,0x0000000082e00000)
 Metaspace       used 44996K, capacity 46766K, committed 46888K, reserved 1089536K
  class space    used 6081K, capacity 6441K, committed 6448K, reserved 1048576K
Event: 31.406 GC heap after
Heap after GC invocations=13 (full 2):
 PSYoungGen      total 200704K, used 12772K [0x00000000d5580000, 0x00000000e6c80000, 0x0000000100000000)
  eden space 187904K, 0% used [0x00000000d5580000,0x00000000d5580000,0x00000000e0d00000)
  from space 12800K, 99% used [0x00000000e0d00000,0x00000000e1979250,0x00000000e1980000)
  to   space 15360K, 0% used [0x00000000e5d80000,0x00000000e5d80000,0x00000000e6c80000)
 ParOldGen       total 47104K, used 16945K [0x0000000080000000, 0x0000000082e00000, 0x00000000d5580000)
  object space 47104K, 35% used [0x0000000080000000,0x000000008108c748,0x0000000082e00000)
 Metaspace       used 44996K, capacity 46766K, committed 46888K, reserved 1089536K
  class space    used 6081K, capacity 6441K, committed 6448K, reserved 1048576K
}

