# JRE version: OpenJDK Runtime Environment (8.0_242-b01) (build 1.8.0_242-release-1644-b01)
# Java VM: OpenJDK 64-Bit Server VM (25.242-b01 mixed mode windows-amd64 compressed oops)
Heap:
 PSYoungGen      total 212992K, used 121096K [0x00000000d5580000, 0x00000000e3200000, 0x0000000100000000)
  eden space 200192K, 54% used [0x00000000d5580000,0x00000000dbf43818,0x00000000e1900000)
  from space 12800K, 99% used [0x00000000e1900000,0x00000000e257e9d0,0x00000000e2580000)
  to   space 11776K, 0% used [0x00000000e2680000,0x00000000e2680000,0x00000000e3200000)
 ParOldGen       total 44032K, used 18717K [0x0000000080000000, 0x0000000082b00000, 0x00000000d5580000)
  object space 44032K, 42% used [0x0000000080000000,0x00000000812477e8,0x0000000082b00000)
 Metaspace       used 55375K, capacity 57580K, committed 57768K, reserved 1099776K
  class space    used 7523K, capacity 8001K, committed 8112K, reserved 1048576K
GC Heap History (10 events):
Event: 41.990 GC heap before
{Heap before GC invocations=9 (full 1):
 PSYoungGen      total 137728K, used 3796K [0x00000000d5580000, 0x00000000de580000, 0x0000000100000000)
  eden space 129024K, 0% used [0x00000000d5580000,0x00000000d5580000,0x00000000dd380000)
  from space 8704K, 43% used [0x00000000ddd00000,0x00000000de0b5040,0x00000000de580000)
  to   space 9216K, 0% used [0x00000000dd380000,0x00000000dd380000,0x00000000ddc80000)
 ParOldGen       total 44032K, used 8617K [0x0000000080000000, 0x0000000082b00000, 0x00000000d5580000)
  object space 44032K, 19% used [0x0000000080000000,0x000000008086a428,0x0000000082b00000)
 Metaspace       used 20637K, capacity 21224K, committed 21296K, reserved 1067008K
  class space    used 2872K, capacity 3076K, committed 3120K, reserved 1048576K
Event: 42.188 GC heap after
Heap after GC invocations=9 (full 1):
 PSYoungGen      total 137728K, used 0K [0x00000000d5580000, 0x00000000de580000, 0x0000000100000000)
  eden space 129024K, 0% used [0x00000000d5580000,0x00000000d5580000,0x00000000dd380000)
  from space 8704K, 0% used [0x00000000ddd00000,0x00000000ddd00000,0x00000000de580000)
  to   space 9216K, 0% used [0x00000000dd380000,0x00000000dd380000,0x00000000ddc80000)
 ParOldGen       total 30208K, used 8799K [0x0000000080000000, 0x0000000081d80000, 0x00000000d5580000)
  object space 30208K, 29% used [0x0000000080000000,0x0000000080897f70,0x0000000081d80000)
 Metaspace       used 20637K, capacity 21224K, committed 21296K, reserved 1067008K
  class space    used 2872K, capacity 3076K, committed 3120K, reserved 1048576K
}
Event: 53.132 GC heap before
{Heap before GC invocations=10 (full 1):
 PSYoungGen      total 137728K, used 129024K [0x00000000d5580000, 0x00000000de580000, 0x0000000100000000)
  eden space 129024K, 100% used [0x00000000d5580000,0x00000000dd380000,0x00000000dd380000)
  from space 8704K, 0% used [0x00000000ddd00000,0x00000000ddd00000,0x00000000de580000)
  to   space 9216K, 0% used [0x00000000dd380000,0x00000000dd380000,0x00000000ddc80000)
 ParOldGen       total 30208K, used 8799K [0x0000000080000000, 0x0000000081d80000, 0x00000000d5580000)
  object space 30208K, 29% used [0x0000000080000000,0x0000000080897f70,0x0000000081d80000)
 Metaspace       used 32747K, capacity 33764K, committed 33968K, reserved 1079296K
  class space    used 4451K, capacity 4718K, committed 4784K, reserved 1048576K
Event: 53.599 GC heap after
Heap after GC invocations=10 (full 1):
 PSYoungGen      total 138240K, used 9213K [0x00000000d5580000, 0x00000000e3300000, 0x0000000100000000)
  eden space 129024K, 0% used [0x00000000d5580000,0x00000000d5580000,0x00000000dd380000)
  from space 9216K, 99% used [0x00000000dd380000,0x00000000ddc7f568,0x00000000ddc80000)
  to   space 12800K, 0% used [0x00000000e2680000,0x00000000e2680000,0x00000000e3300000)
 ParOldGen       total 30208K, used 13513K [0x0000000080000000, 0x0000000081d80000, 0x00000000d5580000)
  object space 30208K, 44% used [0x0000000080000000,0x0000000080d327b0,0x0000000081d80000)
 Metaspace       used 32747K, capacity 33764K, committed 33968K, reserved 1079296K
  class space    used 4451K, capacity 4718K, committed 4784K, reserved 1048576K
}
Event: 56.741 GC heap before
{Heap before GC invocations=11 (full 1):
 PSYoungGen      total 138240K, used 43384K [0x00000000d5580000, 0x00000000e3300000, 0x0000000100000000)
  eden space 129024K, 26% used [0x00000000d5580000,0x00000000d76deca0,0x00000000dd380000)
  from space 9216K, 99% used [0x00000000dd380000,0x00000000ddc7f568,0x00000000ddc80000)
  to   space 12800K, 0% used [0x00000000e2680000,0x00000000e2680000,0x00000000e3300000)
 ParOldGen       total 30208K, used 13513K [0x0000000080000000, 0x0000000081d80000, 0x00000000d5580000)
  object space 30208K, 44% used [0x0000000080000000,0x0000000080d327b0,0x0000000081d80000)
 Metaspace       used 34287K, capacity 35412K, committed 35496K, reserved 1079296K
  class space    used 4712K, capacity 5001K, committed 5040K, reserved 1048576K
Event: 56.799 GC heap after
Heap after GC invocations=11 (full 1):
 PSYoungGen      total 211968K, used 8092K [0x00000000d5580000, 0x00000000e3200000, 0x0000000100000000)
  eden space 200192K, 0% used [0x00000000d5580000,0x00000000d5580000,0x00000000e1900000)
  from space 11776K, 68% used [0x00000000e2680000,0x00000000e2e67210,0x00000000e3200000)
  to   space 12800K, 0% used [0x00000000e1900000,0x00000000e1900000,0x00000000e2580000)
 ParOldGen       total 30208K, used 13521K [0x0000000080000000, 0x0000000081d80000, 0x00000000d5580000)
  object space 30208K, 44% used [0x0000000080000000,0x0000000080d347b0,0x0000000081d80000)
 Metaspace       used 34287K, capacity 35412K, committed 35496K, reserved 1079296K
  class space    used 4712K, capacity 5001K, committed 5040K, reserved 1048576K
}
Event: 56.805 GC heap before
{Heap before GC invocations=12 (full 2):
 PSYoungGen      total 211968K, used 8092K [0x00000000d5580000, 0x00000000e3200000, 0x0000000100000000)
  eden space 200192K, 0% used [0x00000000d5580000,0x00000000d5580000,0x00000000e1900000)
  from space 11776K, 68% used [0x00000000e2680000,0x00000000e2e67210,0x00000000e3200000)
  to   space 12800K, 0% used [0x00000000e1900000,0x00000000e1900000,0x00000000e2580000)
 ParOldGen       total 30208K, used 13521K [0x0000000080000000, 0x0000000081d80000, 0x00000000d5580000)
  object space 30208K, 44% used [0x0000000080000000,0x0000000080d347b0,0x0000000081d80000)
 Metaspace       used 34287K, capacity 35412K, committed 35496K, reserved 1079296K
  class space    used 4712K, capacity 5001K, committed 5040K, reserved 1048576K
Event: 57.611 GC heap after
Heap after GC invocations=12 (full 2):
 PSYoungGen      total 211968K, used 0K [0x00000000d5580000, 0x00000000e3200000, 0x0000000100000000)
  eden space 200192K, 0% used [0x00000000d5580000,0x00000000d5580000,0x00000000e1900000)
  from space 11776K, 0% used [0x00000000e2680000,0x00000000e2680000,0x00000000e3200000)
  to   space 12800K, 0% used [0x00000000e1900000,0x00000000e1900000,0x00000000e2580000)
 ParOldGen       total 44032K, used 14517K [0x0000000080000000, 0x0000000082b00000, 0x00000000d5580000)
  object space 44032K, 32% used [0x0000000080000000,0x0000000080e2d600,0x0000000082b00000)
 Metaspace       used 34287K, capacity 35412K, committed 35496K, reserved 1079296K
  class space    used 4712K, capacity 5001K, committed 5040K, reserved 1048576K
}
Event: 83.213 GC heap before
{Heap before GC invocations=13 (full 2):
 PSYoungGen      total 211968K, used 200192K [0x00000000d5580000, 0x00000000e3200000, 0x0000000100000000)
  eden space 200192K, 100% used [0x00000000d5580000,0x00000000e1900000,0x00000000e1900000)
  from space 11776K, 0% used [0x00000000e2680000,0x00000000e2680000,0x00000000e3200000)
  to   space 12800K, 0% used [0x00000000e1900000,0x00000000e1900000,0x00000000e2580000)
 ParOldGen       total 44032K, used 14517K [0x0000000080000000, 0x0000000082b00000, 0x00000000d5580000)
  object space 44032K, 32% used [0x0000000080000000,0x0000000080e2d600,0x0000000082b00000)
 Metaspace       used 45772K, capacity 47556K, committed 47784K, reserved 1091584K
  class space    used 6181K, capacity 6534K, committed 6576K, reserved 1048576K
Event: 84.069 GC heap after
Heap after GC invocations=13 (full 2):
 PSYoungGen      total 212992K, used 12794K [0x00000000d5580000, 0x00000000e3200000, 0x0000000100000000)
  eden space 200192K, 0% used [0x00000000d5580000,0x00000000d5580000,0x00000000e1900000)
  from space 12800K, 99% used [0x00000000e1900000,0x00000000e257e9d0,0x00000000e2580000)
  to   space 11776K, 0% used [0x00000000e2680000,0x00000000e2680000,0x00000000e3200000)
 ParOldGen       total 44032K, used 18717K [0x0000000080000000, 0x0000000082b00000, 0x00000000d5580000)
  object space 44032K, 42% used [0x0000000080000000,0x00000000812477e8,0x0000000082b00000)
 Metaspace       used 45772K, capacity 47556K, committed 47784K, reserved 1091584K
  class space    used 6181K, capacity 6534K, committed 6576K, reserved 1048576K
}

